
T733A8310 000:000 SEGGER J-Link V4.80 Log File (0001ms, 0001ms total)
T733A8310 000:000 DLL Compiled: Dec 20 2013 19:44:31 (0001ms, 0001ms total)
T733A8310 000:000 Logging started @ 2014-01-11 22:09 (0001ms, 0001ms total)
T733A8310 000:001 JLINK_SetWarnOutHandler(...) (0000ms, 0001ms total)
T733A8310 000:001 JLINK_SelectUSB(Port = 0)  returns 0x00 (0000ms, 0001ms total)
T733A8310 000:001 JLINK_OpenEx(...)
Firmware: J-Link ARM V8 compiled Nov 25 2013 19:20:08
Hardware: V8.00
S/N: 1026182914
Feature(s): RDI,FlashDL,FlashBP,JFlash  returns O.K. (0262ms, 0263ms total)
T733A8310 000:263 JLINK_SetErrorOutHandler(...) (0000ms, 0263ms total)
T733A8310 000:263 JLINK_EnableLog(...) (0000ms, 0263ms total)
T733A8310 000:263 JLINK_SetInitRegsOnReset(OFF)  returns 0x01 (0000ms, 0263ms total)
T733A8310 000:263 JLINK_GetDLLVersion()  returns 48000 (0000ms, 0263ms total)
T733A8310 000:263 JLINK_GetCompileDateTime() (0000ms, 0263ms total)
T733A8310 000:263 JLINK_GetFirmwareString(...) (0000ms, 0263ms total)
T733A8310 000:263 JLINK_GetHardwareVersion()  returns 0x13880 (0000ms, 0263ms total)
T733A8310 000:263 JLINK_EMU_HasCapEx(0x00000026)  returns 0x00 (0000ms, 0263ms total)
T733A8310 000:263 JLINK_EMU_GetProductId() (0000ms, 0263ms total)
T733A8310 000:263 JLINK_GetHardwareVersion()  returns 0x13880 (0000ms, 0263ms total)
T733A8310 000:263 JLINK_GetFirmwareString(...) (0000ms, 0263ms total)
T733A8310 000:263 JLINK_GetEmuCaps()  returns 0xB9FF7BBF (0000ms, 0263ms total)
T733A8310 000:263 JLINK_GetEmuCaps()  returns 0xB9FF7BBF (0000ms, 0263ms total)
T733A8310 000:263 JLINK_GetHWStatus(...)  returns 0x00 (0001ms, 0264ms total)
T733A8310 000:264 JLINK_SetSpeed(100) (0027ms, 0291ms total)
T733A8310 000:291 JLINK_ExecCommand("SupplyPower = 1", ...)  returns 0x00 (0000ms, 0291ms total)
T733A8310 000:401 JLINK_Close() (0003ms, 0294ms total)
T733A8310 000:401  (0003ms, 0294ms total)
T733A8310 000:401 Closed (0003ms, 0294ms total)
