
T733A8310 000:000 SEGGER J-Link V4.80 Log File (0000ms, 0000ms total)
T733A8310 000:000 DLL Compiled: Dec 20 2013 19:44:31 (0000ms, 0000ms total)
T733A8310 000:000 Logging started @ 2014-01-11 10:14 (0000ms, 0000ms total)
T733A8310 000:000 JLINK_SetWarnOutHandler(...) (0000ms, 0000ms total)
T733A8310 000:000 JLINK_SelectUSB(Port = 0)  returns 0x00 (0000ms, 0000ms total)
T733A8310 000:000 JLINK_OpenEx(...)
Firmware: J-Link ARM V8 compiled Nov 25 2013 19:20:08
Hardware: V8.00
S/N: 1026182914
Feature(s): RDI,FlashDL,FlashBP,JFlash  returns O.K. (0015ms, 0015ms total)
T733A8310 000:015 JLINK_SetErrorOutHandler(...) (0000ms, 0015ms total)
T733A8310 000:015 JLINK_EnableLog(...) (0000ms, 0015ms total)
T733A8310 000:015 JLINK_SetInitRegsOnReset(OFF)  returns 0x01 (0000ms, 0015ms total)
T733A8310 000:015 JLINK_GetDLLVersion()  returns 48000 (0000ms, 0015ms total)
T733A8310 000:015 JLINK_GetCompileDateTime() (0000ms, 0015ms total)
T733A8310 000:015 JLINK_GetFirmwareString(...) (0000ms, 0015ms total)
T733A8310 000:015 JLINK_GetHardwareVersion()  returns 0x13880 (0000ms, 0015ms total)
T733A8310 000:015 JLINK_EMU_HasCapEx(0x00000026)  returns 0x00 (0000ms, 0015ms total)
T733A8310 000:015 JLINK_EMU_GetProductId() (0000ms, 0015ms total)
T733A8310 000:015 JLINK_GetHardwareVersion()  returns 0x13880 (0000ms, 0015ms total)
T733A8310 000:015 JLINK_GetFirmwareString(...) (0000ms, 0015ms total)
T733A8310 000:015 JLINK_GetEmuCaps()  returns 0xB9FF7BBF (0000ms, 0015ms total)
T733A8310 000:015 JLINK_GetEmuCaps()  returns 0xB9FF7BBF (0000ms, 0015ms total)
T733A8310 000:015 JLINK_GetHWStatus(...)  returns 0x00 (0000ms, 0015ms total)
T733A8310 000:016 JLINK_SetSpeed(100) (0000ms, 0015ms total)
T733A8310 000:016 JLINK_GetEmuCaps()  returns 0xB9FF7BBF (0000ms, 0015ms total)
T733A8310 000:016 JLINK_TIF_GetAvailable(...) (0000ms, 0015ms total)
T733A8310 000:016 JLINK_Connect() >0x2F8 JTAG>TotalIRLen = ?, IRPrint = 0x..FFFFFFFFFFFFFFFFFFFFFE11 >0x30 JTAG>  returns 0x01 (0023ms, 0038ms total)
T733A8310 000:039 JLINK_GetIdData(...) >0x2F8 JTAG>TotalIRLen = ?, IRPrint = 0x..FFFFFFFFFFFFFFFFFFFFFE11 >0x30 JTAG> (0002ms, 0040ms total)
T733A8310 000:041 JLINK_ClrError() (0001ms, 0041ms total)
T733A8310 000:042 JLINK_TIF_Select(JLINKARM_TIF_SWD)  returns 0x00 (0001ms, 0042ms total)
T733A8310 000:043 JLINK_Connect() >0x108 TIF>Found SWD-DP with ID 0x1BA01477 >0x0D TIF> >0x21 TIF> >0x0D TIF> >0x28 TIF> >0x0D TIF> >0x28 TIF> >0x0D TIF> >0x21 TIF> >0x0D TIF> >0x28 TIF> >0x0D TIF> >0x21 TIF> >0x0D TIF> >0x21 TIF> >0x0D TIF> >0x21 TIF> >0x0D TIF> >0x21 TIF> >0x0D TIF> >0x28 TIF> >0x0D TIF> >0x28 TIF> >0x0D TIF> >0x21 TIF> >0x0D TIF> >0x28 TIF> >0x0D TIF> >0x28 TIF> >0x0D TIF> >0x28 TIF> >0x0D TIF> >0x21 TIF> >0x0D TIF> >0x21 TIF> >0x0D TIF> >0x28 TIF> >0x0D TIF> >0x21 TIF> >0x0D TIF>
 >0x21 TIF>Found Cortex-M3 r1p1, Little endian. -- CPU_WriteMem(4 bytes @ 0xE0002000) -- CPU_ReadMem(4 bytes @ 0xE000EDF0) -- CPU_WriteMem(4 bytes @ 0xE000EDF0) -- CPU_ReadMem(4 bytes @ 0xE0002000)FPUnit: 6 code (BP) slots and 2 literal slots -- CPU_ReadMem(4 bytes @ 0xE000EDFC) -- CPU_WriteMem(4 bytes @ 0xE000EDFC) -- CPU_ReadMem(4 bytes @ 0xE0001000) -- CPU_WriteMem(4 bytes @ 0xE0001000) -- CPU_ReadMem(4 bytes @ 0xE00FF010)TPIU fitted. -- CPU_ReadMem(4 bytes @ 0xE00FF014)ETM fitted.
 -- CPU_ReadMem(4 bytes @ 0xE00FF018)  returns 0x00 (0041ms, 0083ms total)
T733A8310 000:093 JLINK_CORE_GetFound()  returns 0x30000FF (0000ms, 0083ms total)
T733A8310 000:093 JLINK_GetDeviceFamily()  returns 3 (0000ms, 0083ms total)
T733A8310 000:093 JLINK_GetDeviceFamily()  returns 3 (0000ms, 0083ms total)
T733A8310 000:093 JLINK_GetDeviceFamily()  returns 3 (0000ms, 0083ms total)
T733A8310 000:093 JLINK_GetDeviceFamily()  returns 3 (0000ms, 0083ms total)
T733A8310 000:093 JLINK_SetSpeed(100) (0000ms, 0083ms total)
T733A8310 000:093 JLINK_GetHWStatus(...)  returns 0x00 (0001ms, 0084ms total)
T733A8310 000:094 JLINK_GetSpeedInfo() 4000000 Hz / n, n >= 1 (0000ms, 0084ms total)
T733A8310 000:094 JLINK_MeasureRTCKReactTime() (0000ms, 0084ms total)
T733A8310 000:094 JLINK_GetSpeed()  returns 0x64 (0000ms, 0084ms total)
T733A8310 000:094 JLINK_Halt()  returns 0x00 (0036ms, 0120ms total)
T733A8310 000:130 JLINK_GetDeviceFamily()  returns 3 (0000ms, 0120ms total)
T733A8310 000:130 JLINK_ReadRegs(NumRegs = 28, Indexes: 0, 1, 2, 3, 4, 5, 6, 7, 8, 9, 10, 11, 12, 13, 17, 18, 14, 15, 16, 21, 22, 23, 20, 27, 26, 25, 24, 65) -- CPU_ReadMem(4 bytes @ 0xE0001004)
 -- R0=0x16, R1=0x80002F0, R2=0x482F6DF8, R3=0xA2B4DACB, R4=0xFFFFBFFF, R5=0xFFFFFFFE, R6=0xBEDE9DB1, R7=0x2000FFF8, R8=0xCEFDFBFF, R9=0xFFFFFFFF, R10=0x6679BFB7, R11=0xFF56CA23, R12=0xFFFFFFFF, R13 (SP)=0x2000FFD8, MSP=0x2000FFD8, PSP=0x613B61FC, R14=0xFFFFFFF9, R15 (PC)=0x8001BB2, XPSR=0x1000003, APSR=0x00, EPSR=0x1000000, IPSR=0x03, CFBP=0x00, CONTROL=0x00, FAULTMASK=0x00, BASEPRI=0x00, PRIMASK=0x00, CycleCnt=0x240A3  returns 0x00 (0004ms, 0124ms total)
T733A8310 000:135 JLINK_TIF_Select(JLINKARM_TIF_SWD)  returns 0x00 (0000ms, 0124ms total)
T733A8310 000:135 JLINK_SetSpeed(1000) (0000ms, 0124ms total)
T733A8310 000:135 JLINK_SetSpeed(0) (0000ms, 0124ms total)
T733A8310 000:135 JLINK_GetSpeed()  returns 0x7D0 (0000ms, 0124ms total)
T733A8310 000:135 JLINK_ExecCommand(" device=STM32F103ZE", ...)Device "STM32F103ZE" selected (512 KB flash, 64 KB RAM).  returns 0x00 (0011ms, 0135ms total)
T733A8310 000:153 JLINK_IsHalted()  returns TRUE (0000ms, 0135ms total)
T733A8310 000:153 JLINK_BeginDownload(Flags = 0x00) (0000ms, 0135ms total)
T733A8310 000:153 JLINK_WriteMem(0x08000000, 0x08D4 Bytes, ...) -- Data:  00 00 01 20 31 07 00 08 09 07 00 08 81 07 00 08 ...  returns 0x8D4 (0001ms, 0136ms total)
T733A8310 000:154 JLINK_EndDownload() -- -------------------------------------- -- Start of determining dirty areas -- End of determining dirty areas -- Start of preparing flash programming -- Calculating RAM usage -- RAM usage = 2476 Bytes -- Preserving registers -- Preparing memory -- Determining CPU clock frequency -- CPU clock frequency: 8026 kHz -- CPU frequency = 8026 kHz -- Preparing target -- Downloading RAMCode -- Using alternate TurboMode RAMCode -- Checking target RAM -- Preparing RAMCode
 -- End of preparing flash programmingCPU is running at low speed (8026 kHz). -- CPU is running at 8026 kHz. -- Start of comparing flash -- CRC check was estimated as fastest method -- Comparing range 0x8000000 - 0x8000FFF (2 Sectors, 4 KB), using multi-block CRC calculation -- CRC does not match for sectors 0-1 -- End of comparing flash -- Start of erasing sectors -- Erasing range 0x08000000 - 0x08000FFF (  2 Sectors, 4 KB) -- End of erasing sectors -- Start of flash programming
 -- Programming range 0x08000000 - 0x08000FFF (  2 Sectors, 4 KB) -- End of flash programming -- Flash programming performed for 1 range (4096 bytes) -- 0x8000000 - 0x8000FFF (002 Sectors, 4 KB) -- Start of verifying flash -- Checksum calculation was estimated as fastest method -- End of verifying flash -- Start of restoring -- Restore RAMCode -- Restore content of target memory -- Restore target -- Restore memory -- Restore content of registers -- End of restoring
 -- Total time needed: 0.211s (Prepare: 0.084s, Compare: 0.006s, Erase: 0.045s, Program: 0.068s, Verify: 0.000s, Restore: 0.006s)  returns 0x1000 (0211ms, 0347ms total)
T733A8310 000:365 JLINK_SetResetDelay(0) (0000ms, 0347ms total)
T733A8310 000:365 JLINK_Reset() -- CPU_WriteMem(4 bytes @ 0xE000EDF0) -- CPU_WriteMem(4 bytes @ 0xE000EDFC) >0x35 TIF> -- CPU_WriteMem(4 bytes @ 0xE000ED0C) -- CPU_ReadMem(4 bytes @ 0xE000EDF0) -- CPU_ReadMem(4 bytes @ 0xE000EDF0) -- CPU_WriteMem(4 bytes @ 0xE000EDF0) -- CPU_WriteMem(4 bytes @ 0xE000EDFC) -- CPU is running -- CPU_ReadMem(4 bytes @ 0xE000EDF0) -- CPU_WriteMem(4 bytes @ 0xE0002000) (0019ms, 0366ms total)
T733A8310 000:384 JLINK_GoEx(MaxEmulInsts = 0, Flags = 0x01) (0000ms, 0366ms total)
T733A8310 000:387 JLINK_Close() (0002ms, 0369ms total)
T733A8310 000:387  (0002ms, 0369ms total)
T733A8310 000:387 Closed (0002ms, 0369ms total)
